[2022-04-01T11:00:44+00:00][info] order updated
[2022-04-01T11:01:08+00:00][info] order updated
[2022-04-01T11:03:40+00:00][info] order updated
[2022-04-01T11:07:05+00:00][info] order updated
[2022-04-01T11:10:45+00:00][info] product updated
[2022-04-04T06:24:38+00:00][info] product updated
[2022-04-04T06:26:15+00:00][info] product updated
[2022-04-04T06:42:43+00:00][info] order updated
[2022-04-04T06:44:45+00:00][info] product updated
[2022-04-04T06:44:55+00:00][info] product updated
[2022-04-04T07:24:38+00:00][info] order updated
[2022-04-04T07:29:49+00:00][error] Wrong number of segments
[2022-04-04T07:38:51+00:00][error] Wrong number of segments
[2022-04-04T07:54:52+00:00][error] unauthorised access
[2022-04-04T07:57:30+00:00][error] unauthorised access
[2022-04-04T07:57:45+00:00][error] unauthorised access
[2022-04-04T07:58:05+00:00][error] unauthorised access
[2022-04-04T07:58:09+00:00][error] unauthorised access
[2022-04-04T07:58:16+00:00][error] unauthorised access
[2022-04-04T07:59:12+00:00][error] unauthorised access
[2022-04-04T07:59:17+00:00][error] unauthorised access
[2022-04-04T07:59:30+00:00][error] unauthorised access
[2022-04-04T07:59:33+00:00][error] unauthorised access
[2022-04-04T08:26:58+00:00][error] unauthorised access
[2022-04-04T08:27:34+00:00][error] unauthorised access
[2022-04-04T08:27:37+00:00][error] unauthorised access
[2022-04-04T08:27:40+00:00][error] unauthorised access
[2022-04-04T08:27:41+00:00][error] unauthorised access
[2022-04-04T08:27:42+00:00][error] unauthorised access
[2022-04-04T08:27:42+00:00][error] unauthorised access
[2022-04-04T09:22:44+00:00][info] order updated
[2022-04-04T09:23:17+00:00][info] order updated
[2022-04-04T09:24:58+00:00][info] order updated
[2022-04-04T09:25:06+00:00][info] order updated
[2022-04-04T09:26:12+00:00][info] order updated
[2022-04-04T09:31:27+00:00][info] order updated
[2022-04-04T09:32:24+00:00][info] order updated
[2022-04-04T09:40:00+00:00][error] unauthorised access
[2022-04-04T09:42:43+00:00][info] order updated
[2022-04-04T09:43:09+00:00][info] product updated
[2022-04-04T09:43:21+00:00][info] order updated
[2022-04-04T09:47:45+00:00][error] unauthorised access
[2022-04-04T09:47:46+00:00][error] unauthorised access
[2022-04-04T09:48:10+00:00][error] unauthorised access
[2022-04-04T09:48:11+00:00][error] unauthorised access
[2022-04-04T09:48:12+00:00][error] unauthorised access
[2022-04-04T09:48:12+00:00][error] unauthorised access
[2022-04-04T09:48:12+00:00][error] unauthorised access
[2022-04-04T09:48:12+00:00][error] unauthorised access
[2022-04-04T09:48:12+00:00][error] unauthorised access
[2022-04-04T09:48:12+00:00][error] unauthorised access
[2022-04-04T09:48:13+00:00][error] unauthorised access
[2022-04-04T09:48:13+00:00][error] unauthorised access
[2022-04-04T09:48:52+00:00][error] unauthorised access
[2022-04-04T09:50:50+00:00][error] unauthorised access
[2022-04-04T09:53:29+00:00][error] unauthorised access
[2022-04-04T09:53:48+00:00][error] unauthorised access
[2022-04-04T09:54:26+00:00][error] unauthorised access
[2022-04-04T10:01:04+00:00][error] unauthorised access
[2022-04-04T10:01:04+00:00][error] unauthorised access
[2022-04-04T10:02:50+00:00][error] unauthorised access
[2022-04-04T10:02:51+00:00][error] unauthorised access
[2022-04-04T10:02:52+00:00][error] unauthorised access
[2022-04-04T10:02:53+00:00][error] unauthorised access
[2022-04-04T10:02:53+00:00][error] unauthorised access
[2022-04-04T10:02:54+00:00][error] unauthorised access
[2022-04-04T10:02:54+00:00][error] unauthorised access
[2022-04-04T10:02:55+00:00][error] unauthorised access
[2022-04-04T10:02:55+00:00][error] unauthorised access
[2022-04-04T10:02:57+00:00][error] unauthorised access
[2022-04-04T10:02:59+00:00][error] unauthorised access
[2022-04-04T10:11:09+00:00][error] unauthorised access
[2022-04-04T10:12:10+00:00][error] authentication failed
[2022-04-04T10:12:11+00:00][error] authentication failed
[2022-04-04T10:47:21+00:00][error] authentication failed
[2022-04-04T11:24:09+00:00][error] unauthorised access
[2022-04-04T11:24:12+00:00][error] unauthorised access
[2022-04-04T11:25:53+00:00][error] authentication failed
[2022-04-04T11:26:06+00:00][info] product updated
[2022-04-04T11:29:31+00:00][error] unauthorised access
[2022-04-04T12:27:20+00:00][error] unauthorised access
[2022-04-04T12:27:23+00:00][error] unauthorised access
[2022-04-04T12:37:53+00:00][info] product updated
[2022-04-04T12:38:04+00:00][info] order updated
